<?xml version="1.0" encoding="UTF-8"?>
<testng-results ignored="0" total="1" passed="1" failed="0" skipped="0">
  <reporter-output>
  </reporter-output>
  <suite started-at="2022-11-10T10:51:33 IST" name="Default suite" finished-at="2022-11-10T10:51:34 IST" duration-ms="157">
    <groups>
    </groups>
    <test started-at="2022-11-10T10:51:33 IST" name="Default test" finished-at="2022-11-10T10:51:34 IST" duration-ms="157">
      <class name="testPackage.TestClass">
        <test-method signature="testMethod()[pri:0, instance:testPackage.TestClass@68c72235]" started-at="2022-11-10T10:51:34 IST" name="testMethod" finished-at="2022-11-10T10:51:34 IST" duration-ms="22" status="PASS">
          <reporter-output>
          </reporter-output>
        </test-method> <!-- testMethod -->
      </class> <!-- testPackage.TestClass -->
    </test> <!-- Default test -->
  </suite> <!-- Default suite -->
</testng-results>
