<?xml version="1.0" encoding="UTF-8"?>
<!-- Generated by org.testng.reporters.JUnitXMLReporter -->
<testsuite ignored="0" hostname="DESKTOP-MBGLN98" failures="1" tests="4" name="Test" time="0.613" errors="0" timestamp="2022-09-27T00:53:55 IST">
  <testcase classname="com.Listeners.TestClass" name="testcase2" time="0.08">
    <failure type="java.lang.AssertionError" message="expected [true] but found [false]">
      <![CDATA[java.lang.AssertionError: expected [true] but found [false]
at com.Listeners.TestClass.testcase2(TestClass.java:18)
at java.base/java.util.ArrayList.forEach(ArrayList.java:1511)
... Removed 29 stack frames]]>
    </failure>
  </testcase> <!-- testcase2 -->
  <testcase classname="com.Listeners.TestClass" name="testcase4" time="0.003"/>
  <testcase classname="com.Listeners.TestClass" name="testcase1" time="0.003"/>
  <testcase classname="com.Listeners.TestClass" name="testcase3" time="0.0">
    <skipped/>
  </testcase> <!-- testcase3 -->
</testsuite> <!-- Test -->
