<?xml version="1.0" encoding="UTF-8"?>
<!-- Generated by org.testng.reporters.JUnitXMLReporter -->
<testsuite ignored="0" hostname="DESKTOP-MBGLN98" failures="1" tests="3" name="OrangeHRM" time="35.604" errors="0" timestamp="2022-09-10T20:03:31 IST">
  <testcase classname="testNgExercise.OrangeHRMDemo" name="@AfterMethod teatDown" time="0.004">
    <failure type="java.lang.NullPointerException" message="Cannot invoke &amp;quot;org.openqa.selenium.WebDriver.close()&amp;quot; because &amp;quot;testNgExercise.OrangeHRMDemo.driver&amp;quot; is null">
      <![CDATA[java.lang.NullPointerException: Cannot invoke "org.openqa.selenium.WebDriver.close()" because "testNgExercise.OrangeHRMDemo.driver" is null
at testNgExercise.OrangeHRMDemo.teatDown(OrangeHRMDemo.java:16)
at java.base/java.util.ArrayList.forEach(ArrayList.java:1511)
... Removed 30 stack frames]]>
    </failure>
  </testcase> <!-- @AfterMethod teatDown -->
  <testcase classname="testNgExercise.OrangeHRMDemo" name="@BeforeMethod OpenBroser" time="-1.662820411449E9">
    <skipped/>
  </testcase> <!-- @BeforeMethod OpenBroser -->
  <testcase classname="testNgExercise.OrangeHRMDemo" name="@AfterMethod teatDown" time="-1.662820411462E9">
    <skipped/>
  </testcase> <!-- @AfterMethod teatDown -->
  <testcase classname="testNgExercise.OrangeHRMDemo" name="@BeforeMethod OpenBroser" time="-1.662820411466E9">
    <skipped/>
  </testcase> <!-- @BeforeMethod OpenBroser -->
  <testcase classname="testNgExercise.OrangeHRMDemo" name="@AfterMethod teatDown" time="-1.662820411474E9">
    <skipped/>
  </testcase> <!-- @AfterMethod teatDown -->
  <testcase classname="testNgExercise.OrangeHRMDemo" name="loginToHRMSite" time="5.065">
    <failure type="java.lang.NullPointerException" message="Cannot invoke &amp;quot;org.openqa.selenium.WebDriver.findElement(org.openqa.selenium.By)&amp;quot; because &amp;quot;testNgExercise.OrangeHRMDemo.driver&amp;quot; is null">
      <![CDATA[java.lang.NullPointerException: Cannot invoke "org.openqa.selenium.WebDriver.findElement(org.openqa.selenium.By)" because "testNgExercise.OrangeHRMDemo.driver" is null
at testNgExercise.OrangeHRMDemo.loginToHRMSite(OrangeHRMDemo.java:46)
at java.base/java.util.ArrayList.forEach(ArrayList.java:1511)
... Removed 25 stack frames]]>
    </failure>
  </testcase> <!-- loginToHRMSite -->
  <testcase classname="testNgExercise.OrangeHRMDemo" name="getcurrentPageUrl" time="0.0">
    <skipped/>
  </testcase> <!-- getcurrentPageUrl -->
  <testcase classname="testNgExercise.OrangeHRMDemo" name="grtTitle" time="0.0">
    <skipped/>
  </testcase> <!-- grtTitle -->
</testsuite> <!-- OrangeHRM -->
