<?xml version="1.0" encoding="UTF-8"?>
<!-- Generated by org.testng.reporters.JUnitXMLReporter -->
<testsuite ignored="0" hostname="DESKTOP-MBGLN98" failures="4" tests="11" name="Test" time="174.579" errors="0" timestamp="2022-09-10T23:43:48 IST">
  <testcase classname="testNgExercise.OrangeHRMDemo" name="OpenBroser" time="53.338"/>
  <testcase classname="testNgExercise.OrangeHRMDemo" name="loginToHRMSite" time="5.042">
    <failure type="java.lang.NullPointerException" message="Cannot invoke &amp;quot;org.openqa.selenium.WebDriver.findElement(org.openqa.selenium.By)&amp;quot; because &amp;quot;testNgExercise.OrangeHRMDemo.driver&amp;quot; is null">
      <![CDATA[java.lang.NullPointerException: Cannot invoke "org.openqa.selenium.WebDriver.findElement(org.openqa.selenium.By)" because "testNgExercise.OrangeHRMDemo.driver" is null
at testNgExercise.OrangeHRMDemo.loginToHRMSite(OrangeHRMDemo.java:46)
at java.base/java.util.ArrayList.forEach(ArrayList.java:1511)
... Removed 25 stack frames]]>
    </failure>
  </testcase> <!-- loginToHRMSite -->
  <testcase classname="testNgExercise.OrangeHRMDemo" name="getcurrentPageUrl" time="0.002">
    <failure type="java.lang.NullPointerException" message="Cannot invoke &amp;quot;org.openqa.selenium.WebDriver.getCurrentUrl()&amp;quot; because &amp;quot;testNgExercise.OrangeHRMDemo.driver&amp;quot; is null">
      <![CDATA[java.lang.NullPointerException: Cannot invoke "org.openqa.selenium.WebDriver.getCurrentUrl()" because "testNgExercise.OrangeHRMDemo.driver" is null
at testNgExercise.OrangeHRMDemo.getcurrentPageUrl(OrangeHRMDemo.java:39)
at java.base/java.util.ArrayList.forEach(ArrayList.java:1511)
... Removed 25 stack frames]]>
    </failure>
  </testcase> <!-- getcurrentPageUrl -->
  <testcase classname="testNgExercise.OrangeHRMDemo" name="grtTitle" time="0.002">
    <failure type="java.lang.NullPointerException" message="Cannot invoke &amp;quot;org.openqa.selenium.WebDriver.getTitle()&amp;quot; because &amp;quot;testNgExercise.OrangeHRMDemo.driver&amp;quot; is null">
      <![CDATA[java.lang.NullPointerException: Cannot invoke "org.openqa.selenium.WebDriver.getTitle()" because "testNgExercise.OrangeHRMDemo.driver" is null
at testNgExercise.OrangeHRMDemo.grtTitle(OrangeHRMDemo.java:23)
at java.base/java.util.ArrayList.forEach(ArrayList.java:1511)
... Removed 25 stack frames]]>
    </failure>
  </testcase> <!-- grtTitle -->
  <testcase classname="testNgExercise.OrangeHRMDemo" name="teatDown" time="0.001">
    <failure type="java.lang.NullPointerException" message="Cannot invoke &amp;quot;org.openqa.selenium.WebDriver.close()&amp;quot; because &amp;quot;testNgExercise.OrangeHRMDemo.driver&amp;quot; is null">
      <![CDATA[java.lang.NullPointerException: Cannot invoke "org.openqa.selenium.WebDriver.close()" because "testNgExercise.OrangeHRMDemo.driver" is null
at testNgExercise.OrangeHRMDemo.teatDown(OrangeHRMDemo.java:16)
at java.base/java.util.ArrayList.forEach(ArrayList.java:1511)
... Removed 25 stack frames]]>
    </failure>
  </testcase> <!-- teatDown -->
  <testcase classname="sampleProject.Facebook" name="OpenBroser" time="34.074"/>
  <testcase classname="sampleProject.Facebook" name="getPageUrl" time="0.137"/>
  <testcase classname="testNgExercise.TestNgDemo_1" name="testMethod1" time="0.002"/>
  <testcase classname="testNgExercise.TestNgDemo_1" name="testMethod2" time="0.002"/>
  <testcase classname="testpackage.Democlass" name="OpenBroser" time="81.698"/>
  <testcase classname="testpackage.Democlass" name="getTitle" time="0.031"/>
</testsuite> <!-- Test -->
