<?xml version="1.0" encoding="UTF-8"?>
<testng-results ignored="0" total="2" passed="2" failed="0" skipped="0">
  <reporter-output>
  </reporter-output>
  <suite started-at="2022-09-13T12:43:24 IST" name="Default suite" finished-at="2022-09-13T12:43:59 IST" duration-ms="34678">
    <groups>
    </groups>
    <test started-at="2022-09-13T12:43:24 IST" name="Default test" finished-at="2022-09-13T12:43:59 IST" duration-ms="34678">
      <class name="testCases.WordPressTest">
        <test-method is-config="true" signature="openBrowser()[pri:0, instance:testCases.WordPressTest@5158b42f]" started-at="2022-09-13T12:43:24 IST" name="openBrowser" finished-at="2022-09-13T12:43:40 IST" duration-ms="15946" status="PASS">
          <reporter-output>
          </reporter-output>
        </test-method> <!-- openBrowser -->
        <test-method signature="verifyLogo()[pri:1, instance:testCases.WordPressTest@5158b42f]" started-at="2022-09-13T12:43:40 IST" name="verifyLogo" finished-at="2022-09-13T12:43:41 IST" duration-ms="217" status="PASS">
          <reporter-output>
          </reporter-output>
        </test-method> <!-- verifyLogo -->
        <test-method is-config="true" signature="tearDown()[pri:0, instance:testCases.WordPressTest@5158b42f]" started-at="2022-09-13T12:43:41 IST" name="tearDown" finished-at="2022-09-13T12:43:41 IST" duration-ms="506" status="PASS">
          <reporter-output>
          </reporter-output>
        </test-method> <!-- tearDown -->
        <test-method is-config="true" signature="openBrowser()[pri:0, instance:testCases.WordPressTest@5158b42f]" started-at="2022-09-13T12:43:41 IST" name="openBrowser" finished-at="2022-09-13T12:43:50 IST" duration-ms="9125" status="PASS">
          <reporter-output>
          </reporter-output>
        </test-method> <!-- openBrowser -->
        <test-method signature="verifyLogin()[pri:2, instance:testCases.WordPressTest@5158b42f]" started-at="2022-09-13T12:43:50 IST" name="verifyLogin" finished-at="2022-09-13T12:43:59 IST" duration-ms="8441" status="PASS">
          <reporter-output>
          </reporter-output>
        </test-method> <!-- verifyLogin -->
        <test-method is-config="true" signature="tearDown()[pri:0, instance:testCases.WordPressTest@5158b42f]" started-at="2022-09-13T12:43:59 IST" name="tearDown" finished-at="2022-09-13T12:43:59 IST" duration-ms="358" status="PASS">
          <reporter-output>
          </reporter-output>
        </test-method> <!-- tearDown -->
      </class> <!-- testCases.WordPressTest -->
    </test> <!-- Default test -->
  </suite> <!-- Default suite -->
</testng-results>
