<?xml version="1.0" encoding="UTF-8"?>
<testng-results ignored="0" total="3" passed="2" failed="1" skipped="0">
  <reporter-output>
  </reporter-output>
  <suite started-at="2022-09-13T07:39:18 IST" name="Default suite" finished-at="2022-09-13T07:40:32 IST" duration-ms="74386">
    <groups>
    </groups>
    <test started-at="2022-09-13T07:39:18 IST" name="Default test" finished-at="2022-09-13T07:40:32 IST" duration-ms="74386">
      <class name="com.Wordpress.TestCases.LoginTest">
        <test-method is-config="true" signature="openBrowser()[pri:0, instance:com.Wordpress.TestCases.LoginTest@72057ecf]" started-at="2022-09-13T07:39:18 IST" name="openBrowser" finished-at="2022-09-13T07:40:01 IST" duration-ms="43131" status="PASS">
          <reporter-output>
          </reporter-output>
        </test-method> <!-- openBrowser -->
        <test-method signature="logoTest()[pri:1, instance:com.Wordpress.TestCases.LoginTest@72057ecf]" started-at="2022-09-13T07:40:01 IST" name="logoTest" finished-at="2022-09-13T07:40:01 IST" duration-ms="149" status="PASS">
          <reporter-output>
          </reporter-output>
        </test-method> <!-- logoTest -->
        <test-method is-config="true" signature="openBrowser()[pri:0, instance:com.Wordpress.TestCases.LoginTest@72057ecf]" started-at="2022-09-13T07:40:01 IST" name="openBrowser" finished-at="2022-09-13T07:40:10 IST" duration-ms="9015" status="PASS">
          <reporter-output>
          </reporter-output>
        </test-method> <!-- openBrowser -->
        <test-method signature="verifyDropDown()[pri:2, instance:com.Wordpress.TestCases.LoginTest@72057ecf]" started-at="2022-09-13T07:40:10 IST" name="verifyDropDown" finished-at="2022-09-13T07:40:11 IST" duration-ms="247" status="FAIL">
          <exception class="java.lang.ClassCastException">
            <message>
              <![CDATA[class org.openqa.selenium.By$ById cannot be cast to class org.openqa.selenium.WebElement (org.openqa.selenium.By$ById and org.openqa.selenium.WebElement are in unnamed module of loader 'app')]]>
            </message>
            <full-stacktrace>
              <![CDATA[java.lang.ClassCastException: class org.openqa.selenium.By$ById cannot be cast to class org.openqa.selenium.WebElement (org.openqa.selenium.By$ById and org.openqa.selenium.WebElement are in unnamed module of loader 'app')
at com.Wordpress.Pages.Login.chooseLanguage(Login.java:44)
at com.Wordpress.TestCases.LoginTest.verifyDropDown(LoginTest.java:49)
at java.base/jdk.internal.reflect.DirectMethodHandleAccessor.invoke(DirectMethodHandleAccessor.java:104)
at java.base/java.lang.reflect.Method.invoke(Method.java:577)
at org.testng.internal.MethodInvocationHelper.invokeMethod(MethodInvocationHelper.java:133)
at org.testng.internal.TestInvoker.invokeMethod(TestInvoker.java:598)
at org.testng.internal.TestInvoker.invokeTestMethod(TestInvoker.java:173)
at org.testng.internal.MethodRunner.runInSequence(MethodRunner.java:46)
at org.testng.internal.TestInvoker$MethodInvocationAgent.invoke(TestInvoker.java:824)
at org.testng.internal.TestInvoker.invokeTestMethods(TestInvoker.java:146)
at org.testng.internal.TestMethodWorker.invokeTestMethods(TestMethodWorker.java:146)
at org.testng.internal.TestMethodWorker.run(TestMethodWorker.java:128)
at java.base/java.util.ArrayList.forEach(ArrayList.java:1511)
at org.testng.TestRunner.privateRun(TestRunner.java:794)
at org.testng.TestRunner.run(TestRunner.java:596)
at org.testng.SuiteRunner.runTest(SuiteRunner.java:377)
at org.testng.SuiteRunner.runSequentially(SuiteRunner.java:371)
at org.testng.SuiteRunner.privateRun(SuiteRunner.java:332)
at org.testng.SuiteRunner.run(SuiteRunner.java:276)
at org.testng.SuiteRunnerWorker.runSuite(SuiteRunnerWorker.java:53)
at org.testng.SuiteRunnerWorker.run(SuiteRunnerWorker.java:96)
at org.testng.TestNG.runSuitesSequentially(TestNG.java:1212)
at org.testng.TestNG.runSuitesLocally(TestNG.java:1134)
at org.testng.TestNG.runSuites(TestNG.java:1063)
at org.testng.TestNG.run(TestNG.java:1031)
at org.testng.remote.AbstractRemoteTestNG.run(AbstractRemoteTestNG.java:115)
at org.testng.remote.RemoteTestNG.initAndRun(RemoteTestNG.java:251)
at org.testng.remote.RemoteTestNG.main(RemoteTestNG.java:77)
]]>
            </full-stacktrace>
          </exception> <!-- java.lang.ClassCastException -->
          <reporter-output>
          </reporter-output>
        </test-method> <!-- verifyDropDown -->
        <test-method is-config="true" signature="openBrowser()[pri:0, instance:com.Wordpress.TestCases.LoginTest@72057ecf]" started-at="2022-09-13T07:40:11 IST" name="openBrowser" finished-at="2022-09-13T07:40:25 IST" duration-ms="14418" status="PASS">
          <reporter-output>
          </reporter-output>
        </test-method> <!-- openBrowser -->
        <test-method signature="loginTest()[pri:3, instance:com.Wordpress.TestCases.LoginTest@72057ecf]" started-at="2022-09-13T07:40:25 IST" name="loginTest" finished-at="2022-09-13T07:40:32 IST" duration-ms="7168" status="PASS">
          <reporter-output>
          </reporter-output>
        </test-method> <!-- loginTest -->
      </class> <!-- com.Wordpress.TestCases.LoginTest -->
    </test> <!-- Default test -->
  </suite> <!-- Default suite -->
</testng-results>
